This is pdfTeX, Version 3.141592653-2.6-1.40.26 (MiKTeX 24.4) (preloaded format=pdflatex 2024.10.8)  22 OCT 2024 09:43
entering extended mode
 restricted \write18 enabled.
 %&-line parsing enabled.
**./RJwrapper.tex
(RJwrapper.tex
LaTeX2e <2024-06-01> patch level 2
L3 programming layer <2024-08-30>
(C:\Users\dipsco\AppData\Local\Programs\MiKTeX\tex/latex/base\report.cls
Document Class: report 2024/02/08 v1.4n Standard LaTeX document class
(C:\Users\dipsco\AppData\Local\Programs\MiKTeX\tex/latex/base\size10.clo
File: size10.clo 2024/02/08 v1.4n Standard LaTeX file (size option)
)
\c@part=\count194
\c@chapter=\count195
\c@section=\count196
\c@subsection=\count197
\c@subsubsection=\count198
\c@paragraph=\count199
\c@subparagraph=\count266
\c@figure=\count267
\c@table=\count268
\abovecaptionskip=\skip49
\belowcaptionskip=\skip50
\bibindent=\dimen141
) (C:\Users\dipsco\AppData\Local\Programs\MiKTeX\tex/latex/base\inputenc.sty
Package: inputenc 2024/02/08 v1.3d Input encoding file
\inpenc@prehook=\toks17
\inpenc@posthook=\toks18
) (C:\Users\dipsco\AppData\Local\Programs\MiKTeX\tex/latex/base\fontenc.sty
Package: fontenc 2021/04/29 v2.0v Standard LaTeX package
) (RJournal.sty
Package: RJournal 2022/06/27 v0.14 RJournal package

(C:\Users\dipsco\AppData\Local\Programs\MiKTeX\tex/latex/pgf/frontendlayer\tikz
.sty
(C:\Users\dipsco\AppData\Local\Programs\MiKTeX\tex/latex/pgf/basiclayer\pgf.sty

(C:\Users\dipsco\AppData\Local\Programs\MiKTeX\tex/latex/pgf/utilities\pgfrcs.s
ty
(C:\Users\dipsco\AppData\Local\Programs\MiKTeX\tex/generic/pgf/utilities\pgfuti
l-common.tex
\pgfutil@everybye=\toks19
\pgfutil@tempdima=\dimen142
\pgfutil@tempdimb=\dimen143
)
(C:\Users\dipsco\AppData\Local\Programs\MiKTeX\tex/generic/pgf/utilities\pgfuti
l-latex.def
\pgfutil@abb=\box52
)
(C:\Users\dipsco\AppData\Local\Programs\MiKTeX\tex/generic/pgf/utilities\pgfrcs
.code.tex
(C:\Users\dipsco\AppData\Local\Programs\MiKTeX\tex/generic/pgf\pgf.revision.tex
)
Package: pgfrcs 2023-01-15 v3.1.10 (3.1.10)
))
Package: pgf 2023-01-15 v3.1.10 (3.1.10)

(C:\Users\dipsco\AppData\Local\Programs\MiKTeX\tex/latex/pgf/basiclayer\pgfcore
.sty (C:\Users\dipsco\AppData\Local\Programs\MiKTeX\tex/latex/graphics\graphicx
.sty
Package: graphicx 2021/09/16 v1.2d Enhanced LaTeX Graphics (DPC,SPQR)
(C:\Users\dipsco\AppData\Local\Programs\MiKTeX\tex/latex/graphics\keyval.sty
Package: keyval 2022/05/29 v1.15 key=value parser (DPC)
\KV@toks@=\toks20
) (C:\Users\dipsco\AppData\Local\Programs\MiKTeX\tex/latex/graphics\graphics.st
y
Package: graphics 2024/05/23 v1.4g Standard LaTeX Graphics (DPC,SPQR)
(C:\Users\dipsco\AppData\Local\Programs\MiKTeX\tex/latex/graphics\trig.sty
Package: trig 2023/12/02 v1.11 sin cos tan (DPC)
)
(C:\Users\dipsco\AppData\Local\Programs\MiKTeX\tex/latex/graphics-cfg\graphics.
cfg
File: graphics.cfg 2016/06/04 v1.11 sample graphics configuration
)
Package graphics Info: Driver file: pdftex.def on input line 106.

(C:\Users\dipsco\AppData\Local\Programs\MiKTeX\tex/latex/graphics-def\pdftex.de
f
File: pdftex.def 2024/04/13 v1.2c Graphics/color driver for pdftex
))
\Gin@req@height=\dimen144
\Gin@req@width=\dimen145
)
(C:\Users\dipsco\AppData\Local\Programs\MiKTeX\tex/latex/pgf/systemlayer\pgfsys
.sty
(C:\Users\dipsco\AppData\Local\Programs\MiKTeX\tex/generic/pgf/systemlayer\pgfs
ys.code.tex
Package: pgfsys 2023-01-15 v3.1.10 (3.1.10)

(C:\Users\dipsco\AppData\Local\Programs\MiKTeX\tex/generic/pgf/utilities\pgfkey
s.code.tex
\pgfkeys@pathtoks=\toks21
\pgfkeys@temptoks=\toks22

(C:\Users\dipsco\AppData\Local\Programs\MiKTeX\tex/generic/pgf/utilities\pgfkey
slibraryfiltered.code.tex
\pgfkeys@tmptoks=\toks23
))
\pgf@x=\dimen146
\pgf@y=\dimen147
\pgf@xa=\dimen148
\pgf@ya=\dimen149
\pgf@xb=\dimen150
\pgf@yb=\dimen151
\pgf@xc=\dimen152
\pgf@yc=\dimen153
\pgf@xd=\dimen154
\pgf@yd=\dimen155
\w@pgf@writea=\write3
\r@pgf@reada=\read2
\c@pgf@counta=\count269
\c@pgf@countb=\count270
\c@pgf@countc=\count271
\c@pgf@countd=\count272
\t@pgf@toka=\toks24
\t@pgf@tokb=\toks25
\t@pgf@tokc=\toks26
\pgf@sys@id@count=\count273

(C:\Users\dipsco\AppData\Local\Programs\MiKTeX\tex/generic/pgf/systemlayer\pgf.
cfg
File: pgf.cfg 2023-01-15 v3.1.10 (3.1.10)
)
Driver file for pgf: pgfsys-pdftex.def

(C:\Users\dipsco\AppData\Local\Programs\MiKTeX\tex/generic/pgf/systemlayer\pgfs
ys-pdftex.def
File: pgfsys-pdftex.def 2023-01-15 v3.1.10 (3.1.10)

(C:\Users\dipsco\AppData\Local\Programs\MiKTeX\tex/generic/pgf/systemlayer\pgfs
ys-common-pdf.def
File: pgfsys-common-pdf.def 2023-01-15 v3.1.10 (3.1.10)
)))
(C:\Users\dipsco\AppData\Local\Programs\MiKTeX\tex/generic/pgf/systemlayer\pgfs
yssoftpath.code.tex
File: pgfsyssoftpath.code.tex 2023-01-15 v3.1.10 (3.1.10)
\pgfsyssoftpath@smallbuffer@items=\count274
\pgfsyssoftpath@bigbuffer@items=\count275
)
(C:\Users\dipsco\AppData\Local\Programs\MiKTeX\tex/generic/pgf/systemlayer\pgfs
ysprotocol.code.tex
File: pgfsysprotocol.code.tex 2023-01-15 v3.1.10 (3.1.10)
)) (C:\Users\dipsco\AppData\Local\Programs\MiKTeX\tex/latex/xcolor\xcolor.sty
Package: xcolor 2023/11/15 v3.01 LaTeX color extensions (UK)

(C:\Users\dipsco\AppData\Local\Programs\MiKTeX\tex/latex/graphics-cfg\color.cfg
File: color.cfg 2016/01/02 v1.6 sample color configuration
)
Package xcolor Info: Driver file: pdftex.def on input line 274.

(C:\Users\dipsco\AppData\Local\Programs\MiKTeX\tex/latex/graphics\mathcolor.ltx
)
Package xcolor Info: Model `cmy' substituted by `cmy0' on input line 1350.
Package xcolor Info: Model `hsb' substituted by `rgb' on input line 1354.
Package xcolor Info: Model `RGB' extended on input line 1366.
Package xcolor Info: Model `HTML' substituted by `rgb' on input line 1368.
Package xcolor Info: Model `Hsb' substituted by `hsb' on input line 1369.
Package xcolor Info: Model `tHsb' substituted by `hsb' on input line 1370.
Package xcolor Info: Model `HSB' substituted by `hsb' on input line 1371.
Package xcolor Info: Model `Gray' substituted by `gray' on input line 1372.
Package xcolor Info: Model `wave' substituted by `hsb' on input line 1373.
)
(C:\Users\dipsco\AppData\Local\Programs\MiKTeX\tex/generic/pgf/basiclayer\pgfco
re.code.tex
Package: pgfcore 2023-01-15 v3.1.10 (3.1.10)

(C:\Users\dipsco\AppData\Local\Programs\MiKTeX\tex/generic/pgf/math\pgfmath.cod
e.tex
(C:\Users\dipsco\AppData\Local\Programs\MiKTeX\tex/generic/pgf/math\pgfmathutil
.code.tex)
(C:\Users\dipsco\AppData\Local\Programs\MiKTeX\tex/generic/pgf/math\pgfmathpars
er.code.tex
\pgfmath@dimen=\dimen156
\pgfmath@count=\count276
\pgfmath@box=\box53
\pgfmath@toks=\toks27
\pgfmath@stack@operand=\toks28
\pgfmath@stack@operation=\toks29
)
(C:\Users\dipsco\AppData\Local\Programs\MiKTeX\tex/generic/pgf/math\pgfmathfunc
tions.code.tex)
(C:\Users\dipsco\AppData\Local\Programs\MiKTeX\tex/generic/pgf/math\pgfmathfunc
tions.basic.code.tex)
(C:\Users\dipsco\AppData\Local\Programs\MiKTeX\tex/generic/pgf/math\pgfmathfunc
tions.trigonometric.code.tex)
(C:\Users\dipsco\AppData\Local\Programs\MiKTeX\tex/generic/pgf/math\pgfmathfunc
tions.random.code.tex)
(C:\Users\dipsco\AppData\Local\Programs\MiKTeX\tex/generic/pgf/math\pgfmathfunc
tions.comparison.code.tex)
(C:\Users\dipsco\AppData\Local\Programs\MiKTeX\tex/generic/pgf/math\pgfmathfunc
tions.base.code.tex)
(C:\Users\dipsco\AppData\Local\Programs\MiKTeX\tex/generic/pgf/math\pgfmathfunc
tions.round.code.tex)
(C:\Users\dipsco\AppData\Local\Programs\MiKTeX\tex/generic/pgf/math\pgfmathfunc
tions.misc.code.tex)
(C:\Users\dipsco\AppData\Local\Programs\MiKTeX\tex/generic/pgf/math\pgfmathfunc
tions.integerarithmetics.code.tex)
(C:\Users\dipsco\AppData\Local\Programs\MiKTeX\tex/generic/pgf/math\pgfmathcalc
.code.tex)
(C:\Users\dipsco\AppData\Local\Programs\MiKTeX\tex/generic/pgf/math\pgfmathfloa
t.code.tex
\c@pgfmathroundto@lastzeros=\count277
))
(C:\Users\dipsco\AppData\Local\Programs\MiKTeX\tex/generic/pgf/math\pgfint.code
.tex)
(C:\Users\dipsco\AppData\Local\Programs\MiKTeX\tex/generic/pgf/basiclayer\pgfco
repoints.code.tex
File: pgfcorepoints.code.tex 2023-01-15 v3.1.10 (3.1.10)
\pgf@picminx=\dimen157
\pgf@picmaxx=\dimen158
\pgf@picminy=\dimen159
\pgf@picmaxy=\dimen160
\pgf@pathminx=\dimen161
\pgf@pathmaxx=\dimen162
\pgf@pathminy=\dimen163
\pgf@pathmaxy=\dimen164
\pgf@xx=\dimen165
\pgf@xy=\dimen166
\pgf@yx=\dimen167
\pgf@yy=\dimen168
\pgf@zx=\dimen169
\pgf@zy=\dimen170
)
(C:\Users\dipsco\AppData\Local\Programs\MiKTeX\tex/generic/pgf/basiclayer\pgfco
repathconstruct.code.tex
File: pgfcorepathconstruct.code.tex 2023-01-15 v3.1.10 (3.1.10)
\pgf@path@lastx=\dimen171
\pgf@path@lasty=\dimen172
)
(C:\Users\dipsco\AppData\Local\Programs\MiKTeX\tex/generic/pgf/basiclayer\pgfco
repathusage.code.tex
File: pgfcorepathusage.code.tex 2023-01-15 v3.1.10 (3.1.10)
\pgf@shorten@end@additional=\dimen173
\pgf@shorten@start@additional=\dimen174
)
(C:\Users\dipsco\AppData\Local\Programs\MiKTeX\tex/generic/pgf/basiclayer\pgfco
rescopes.code.tex
File: pgfcorescopes.code.tex 2023-01-15 v3.1.10 (3.1.10)
\pgfpic=\box54
\pgf@hbox=\box55
\pgf@layerbox@main=\box56
\pgf@picture@serial@count=\count278
)
(C:\Users\dipsco\AppData\Local\Programs\MiKTeX\tex/generic/pgf/basiclayer\pgfco
regraphicstate.code.tex
File: pgfcoregraphicstate.code.tex 2023-01-15 v3.1.10 (3.1.10)
\pgflinewidth=\dimen175
)
(C:\Users\dipsco\AppData\Local\Programs\MiKTeX\tex/generic/pgf/basiclayer\pgfco
retransformations.code.tex
File: pgfcoretransformations.code.tex 2023-01-15 v3.1.10 (3.1.10)
\pgf@pt@x=\dimen176
\pgf@pt@y=\dimen177
\pgf@pt@temp=\dimen178
)
(C:\Users\dipsco\AppData\Local\Programs\MiKTeX\tex/generic/pgf/basiclayer\pgfco
requick.code.tex
File: pgfcorequick.code.tex 2023-01-15 v3.1.10 (3.1.10)
)
(C:\Users\dipsco\AppData\Local\Programs\MiKTeX\tex/generic/pgf/basiclayer\pgfco
reobjects.code.tex
File: pgfcoreobjects.code.tex 2023-01-15 v3.1.10 (3.1.10)
)
(C:\Users\dipsco\AppData\Local\Programs\MiKTeX\tex/generic/pgf/basiclayer\pgfco
repathprocessing.code.tex
File: pgfcorepathprocessing.code.tex 2023-01-15 v3.1.10 (3.1.10)
)
(C:\Users\dipsco\AppData\Local\Programs\MiKTeX\tex/generic/pgf/basiclayer\pgfco
rearrows.code.tex
File: pgfcorearrows.code.tex 2023-01-15 v3.1.10 (3.1.10)
\pgfarrowsep=\dimen179
)
(C:\Users\dipsco\AppData\Local\Programs\MiKTeX\tex/generic/pgf/basiclayer\pgfco
reshade.code.tex
File: pgfcoreshade.code.tex 2023-01-15 v3.1.10 (3.1.10)
\pgf@max=\dimen180
\pgf@sys@shading@range@num=\count279
\pgf@shadingcount=\count280
)
(C:\Users\dipsco\AppData\Local\Programs\MiKTeX\tex/generic/pgf/basiclayer\pgfco
reimage.code.tex
File: pgfcoreimage.code.tex 2023-01-15 v3.1.10 (3.1.10)
)
(C:\Users\dipsco\AppData\Local\Programs\MiKTeX\tex/generic/pgf/basiclayer\pgfco
reexternal.code.tex
File: pgfcoreexternal.code.tex 2023-01-15 v3.1.10 (3.1.10)
\pgfexternal@startupbox=\box57
)
(C:\Users\dipsco\AppData\Local\Programs\MiKTeX\tex/generic/pgf/basiclayer\pgfco
relayers.code.tex
File: pgfcorelayers.code.tex 2023-01-15 v3.1.10 (3.1.10)
)
(C:\Users\dipsco\AppData\Local\Programs\MiKTeX\tex/generic/pgf/basiclayer\pgfco
retransparency.code.tex
File: pgfcoretransparency.code.tex 2023-01-15 v3.1.10 (3.1.10)
)
(C:\Users\dipsco\AppData\Local\Programs\MiKTeX\tex/generic/pgf/basiclayer\pgfco
repatterns.code.tex
File: pgfcorepatterns.code.tex 2023-01-15 v3.1.10 (3.1.10)
)
(C:\Users\dipsco\AppData\Local\Programs\MiKTeX\tex/generic/pgf/basiclayer\pgfco
rerdf.code.tex
File: pgfcorerdf.code.tex 2023-01-15 v3.1.10 (3.1.10)
)))
(C:\Users\dipsco\AppData\Local\Programs\MiKTeX\tex/generic/pgf/modules\pgfmodul
eshapes.code.tex
File: pgfmoduleshapes.code.tex 2023-01-15 v3.1.10 (3.1.10)
\pgfnodeparttextbox=\box58
)
(C:\Users\dipsco\AppData\Local\Programs\MiKTeX\tex/generic/pgf/modules\pgfmodul
eplot.code.tex
File: pgfmoduleplot.code.tex 2023-01-15 v3.1.10 (3.1.10)
)
(C:\Users\dipsco\AppData\Local\Programs\MiKTeX\tex/latex/pgf/compatibility\pgfc
omp-version-0-65.sty
Package: pgfcomp-version-0-65 2023-01-15 v3.1.10 (3.1.10)
\pgf@nodesepstart=\dimen181
\pgf@nodesepend=\dimen182
)
(C:\Users\dipsco\AppData\Local\Programs\MiKTeX\tex/latex/pgf/compatibility\pgfc
omp-version-1-18.sty
Package: pgfcomp-version-1-18 2023-01-15 v3.1.10 (3.1.10)
))
(C:\Users\dipsco\AppData\Local\Programs\MiKTeX\tex/latex/pgf/utilities\pgffor.s
ty
(C:\Users\dipsco\AppData\Local\Programs\MiKTeX\tex/latex/pgf/utilities\pgfkeys.
sty
(C:\Users\dipsco\AppData\Local\Programs\MiKTeX\tex/generic/pgf/utilities\pgfkey
s.code.tex)) (C:\Users\dipsco\AppData\Local\Programs\MiKTeX\tex/latex/pgf/math\
pgfmath.sty
(C:\Users\dipsco\AppData\Local\Programs\MiKTeX\tex/generic/pgf/math\pgfmath.cod
e.tex))
(C:\Users\dipsco\AppData\Local\Programs\MiKTeX\tex/generic/pgf/utilities\pgffor
.code.tex
Package: pgffor 2023-01-15 v3.1.10 (3.1.10)
\pgffor@iter=\dimen183
\pgffor@skip=\dimen184
\pgffor@stack=\toks30
\pgffor@toks=\toks31
))
(C:\Users\dipsco\AppData\Local\Programs\MiKTeX\tex/generic/pgf/frontendlayer/ti
kz\tikz.code.tex
Package: tikz 2023-01-15 v3.1.10 (3.1.10)

(C:\Users\dipsco\AppData\Local\Programs\MiKTeX\tex/generic/pgf/libraries\pgflib
raryplothandlers.code.tex
File: pgflibraryplothandlers.code.tex 2023-01-15 v3.1.10 (3.1.10)
\pgf@plot@mark@count=\count281
\pgfplotmarksize=\dimen185
)
\tikz@lastx=\dimen186
\tikz@lasty=\dimen187
\tikz@lastxsaved=\dimen188
\tikz@lastysaved=\dimen189
\tikz@lastmovetox=\dimen190
\tikz@lastmovetoy=\dimen191
\tikzleveldistance=\dimen192
\tikzsiblingdistance=\dimen193
\tikz@figbox=\box59
\tikz@figbox@bg=\box60
\tikz@tempbox=\box61
\tikz@tempbox@bg=\box62
\tikztreelevel=\count282
\tikznumberofchildren=\count283
\tikznumberofcurrentchild=\count284
\tikz@fig@count=\count285

(C:\Users\dipsco\AppData\Local\Programs\MiKTeX\tex/generic/pgf/modules\pgfmodul
ematrix.code.tex
File: pgfmodulematrix.code.tex 2023-01-15 v3.1.10 (3.1.10)
\pgfmatrixcurrentrow=\count286
\pgfmatrixcurrentcolumn=\count287
\pgf@matrix@numberofcolumns=\count288
)
\tikz@expandcount=\count289

(C:\Users\dipsco\AppData\Local\Programs\MiKTeX\tex/generic/pgf/frontendlayer/ti
kz/libraries\tikzlibrarytopaths.code.tex
File: tikzlibrarytopaths.code.tex 2023-01-15 v3.1.10 (3.1.10)
))) (C:\Users\dipsco\AppData\Local\Programs\MiKTeX\tex/latex/geometry\geometry.
sty
Package: geometry 2020/01/02 v5.9 Page Geometry
(C:\Users\dipsco\AppData\Local\Programs\MiKTeX\tex/generic/iftex\ifvtex.sty
Package: ifvtex 2019/10/25 v1.7 ifvtex legacy package. Use iftex instead.
(C:\Users\dipsco\AppData\Local\Programs\MiKTeX\tex/generic/iftex\iftex.sty
Package: iftex 2022/02/03 v1.0f TeX engine tests
))
\Gm@cnth=\count290
\Gm@cntv=\count291
\c@Gm@tempcnt=\count292
\Gm@bindingoffset=\dimen194
\Gm@wd@mp=\dimen195
\Gm@odd@mp=\dimen196
\Gm@even@mp=\dimen197
\Gm@layoutwidth=\dimen198
\Gm@layoutheight=\dimen199
\Gm@layouthoffset=\dimen256
\Gm@layoutvoffset=\dimen257
\Gm@dimlist=\toks32
(C:\Users\dipsco\AppData\Local\Programs\MiKTeX\tex/latex/geometry\geometry.cfg)
) (C:\Users\dipsco\AppData\Local\Programs\MiKTeX\tex/latex/fancyhdr\fancyhdr.st
y
Package: fancyhdr 2024/07/23 v4.3.1 Extensive control of page headers and foote
rs
\f@nch@headwidth=\skip51
\f@nch@O@elh=\skip52
\f@nch@O@erh=\skip53
\f@nch@O@olh=\skip54
\f@nch@O@orh=\skip55
\f@nch@O@elf=\skip56
\f@nch@O@erf=\skip57
\f@nch@O@olf=\skip58
\f@nch@O@orf=\skip59
)
(C:\Users\dipsco\AppData\Local\Programs\MiKTeX\tex/latex/microtype\microtype.st
y
Package: microtype 2024/03/29 v3.1b Micro-typographical refinements (RS)
(C:\Users\dipsco\AppData\Local\Programs\MiKTeX\tex/latex/etoolbox\etoolbox.sty
Package: etoolbox 2020/10/05 v2.5k e-TeX tools for LaTeX (JAW)
\etb@tempcnta=\count293
)
\MT@toks=\toks33
\MT@tempbox=\box63
\MT@count=\count294
LaTeX Info: Redefining \noprotrusionifhmode on input line 1061.
LaTeX Info: Redefining \leftprotrusion on input line 1062.
\MT@prot@toks=\toks34
LaTeX Info: Redefining \rightprotrusion on input line 1081.
LaTeX Info: Redefining \textls on input line 1392.
\MT@outer@kern=\dimen258
LaTeX Info: Redefining \textmicrotypecontext on input line 2013.
\MT@listname@count=\count295

(C:\Users\dipsco\AppData\Local\Programs\MiKTeX\tex/latex/microtype\microtype-pd
ftex.def
File: microtype-pdftex.def 2024/03/29 v3.1b Definitions specific to pdftex (RS)

LaTeX Info: Redefining \lsstyle on input line 902.
LaTeX Info: Redefining \lslig on input line 902.
\MT@outer@space=\skip60
)
Package microtype Info: Loading configuration file microtype.cfg.

(C:\Users\dipsco\AppData\Local\Programs\MiKTeX\tex/latex/microtype\microtype.cf
g
File: microtype.cfg 2024/03/29 v3.1b microtype main configuration file (RS)
)) (C:\Users\dipsco\AppData\Local\Programs\MiKTeX\tex/latex/psnfss\helvet.sty
Package: helvet 2020/03/25 PSNFSS-v9.3 (WaS) 
) (C:\Users\dipsco\AppData\Local\Programs\MiKTeX\tex/latex/psnfss\palatino.sty
Package: palatino 2020/03/25 PSNFSS-v9.3 (SPQR) 
) (C:\Users\dipsco\AppData\Local\Programs\MiKTeX\tex/latex/psnfss\mathpazo.sty
Package: mathpazo 2020/03/25 PSNFSS-v9.3 Palatino w/ Pazo Math (D.Puga, WaS) 
\symupright=\mathgroup4
)
(C:\Users\dipsco\AppData\Local\Programs\MiKTeX\tex/latex/inconsolata\inconsolat
a.sty
Package: inconsolata 2019/05/17 v1.12
`inconsolata-zi4' v1.12, 2019/05/17 Text macros for Inconsolata (msharpe) (C:\U
sers\dipsco\AppData\Local\Programs\MiKTeX\tex/latex/base\textcomp.sty
Package: textcomp 2024/04/24 v2.1b Standard LaTeX package
) (C:\Users\dipsco\AppData\Local\Programs\MiKTeX\tex/latex/xkeyval\xkeyval.sty
Package: xkeyval 2022/06/16 v2.9 package option processing (HA)
(C:\Users\dipsco\AppData\Local\Programs\MiKTeX\tex/generic/xkeyval\xkeyval.tex
(C:\Users\dipsco\AppData\Local\Programs\MiKTeX\tex/generic/xkeyval\xkvutils.tex
\XKV@toks=\toks35
\XKV@tempa@toks=\toks36
)
\XKV@depth=\count296
File: xkeyval.tex 2014/12/03 v2.7a key=value parser (HA)
))
\zifour@ocount=\count297
) (C:\Users\dipsco\AppData\Local\Programs\MiKTeX\tex/latex/base\fontenc.sty
Package: fontenc 2021/04/29 v2.0v Standard LaTeX package
LaTeX Font Info:    Trying to load font information for T1+ppl on input line 11
6.
(C:\Users\dipsco\AppData\Local\Programs\MiKTeX\tex/latex/psnfss\t1ppl.fd
File: t1ppl.fd 2001/06/04 font definitions for T1/ppl.
)) (C:\Users\dipsco\AppData\Local\Programs\MiKTeX\tex/latex/url\url.sty
\Urlmuskip=\muskip17
Package: url 2013/09/16  ver 3.4  Verb mode for urls, etc.
) (C:\Users\dipsco\AppData\Local\Programs\MiKTeX\tex/latex/hyperref\hyperref.st
y
Package: hyperref 2024-07-10 v7.01j Hypertext links for LaTeX

(C:\Users\dipsco\AppData\Local\Programs\MiKTeX\tex/latex/kvsetkeys\kvsetkeys.st
y
Package: kvsetkeys 2022-10-05 v1.19 Key value parser (HO)
)
(C:\Users\dipsco\AppData\Local\Programs\MiKTeX\tex/generic/kvdefinekeys\kvdefin
ekeys.sty
Package: kvdefinekeys 2019-12-19 v1.6 Define keys (HO)
)
(C:\Users\dipsco\AppData\Local\Programs\MiKTeX\tex/generic/pdfescape\pdfescape.
sty
Package: pdfescape 2019/12/09 v1.15 Implements pdfTeX's escape features (HO)
(C:\Users\dipsco\AppData\Local\Programs\MiKTeX\tex/generic/ltxcmds\ltxcmds.sty
Package: ltxcmds 2023-12-04 v1.26 LaTeX kernel commands for general use (HO)
)
(C:\Users\dipsco\AppData\Local\Programs\MiKTeX\tex/generic/pdftexcmds\pdftexcmd
s.sty
Package: pdftexcmds 2020-06-27 v0.33 Utility functions of pdfTeX for LuaTeX (HO
)

(C:\Users\dipsco\AppData\Local\Programs\MiKTeX\tex/generic/infwarerr\infwarerr.
sty
Package: infwarerr 2019/12/03 v1.5 Providing info/warning/error messages (HO)
)
Package pdftexcmds Info: \pdf@primitive is available.
Package pdftexcmds Info: \pdf@ifprimitive is available.
Package pdftexcmds Info: \pdfdraftmode found.
)) (C:\Users\dipsco\AppData\Local\Programs\MiKTeX\tex/latex/hycolor\hycolor.sty
Package: hycolor 2020-01-27 v1.10 Color options for hyperref/bookmark (HO)
) (C:\Users\dipsco\AppData\Local\Programs\MiKTeX\tex/latex/hyperref\nameref.sty
Package: nameref 2023-11-26 v2.56 Cross-referencing by name of section
(C:\Users\dipsco\AppData\Local\Programs\MiKTeX\tex/latex/refcount\refcount.sty
Package: refcount 2019/12/15 v3.6 Data extraction from label references (HO)
)
(C:\Users\dipsco\AppData\Local\Programs\MiKTeX\tex/generic/gettitlestring\getti
tlestring.sty
Package: gettitlestring 2019/12/15 v1.6 Cleanup title references (HO)

(C:\Users\dipsco\AppData\Local\Programs\MiKTeX\tex/latex/kvoptions\kvoptions.st
y
Package: kvoptions 2022-06-15 v3.15 Key value format for package options (HO)
))
\c@section@level=\count298
)
(C:\Users\dipsco\AppData\Local\Programs\MiKTeX\tex/generic/stringenc\stringenc.
sty
Package: stringenc 2019/11/29 v1.12 Convert strings between diff. encodings (HO
)
)
\@linkdim=\dimen259
\Hy@linkcounter=\count299
\Hy@pagecounter=\count300
(C:\Users\dipsco\AppData\Local\Programs\MiKTeX\tex/latex/hyperref\pd1enc.def
File: pd1enc.def 2024-07-10 v7.01j Hyperref: PDFDocEncoding definition (HO)
Now handling font encoding PD1 ...
... no UTF-8 mapping file for font encoding PD1
) (C:\Users\dipsco\AppData\Local\Programs\MiKTeX\tex/generic/intcalc\intcalc.st
y
Package: intcalc 2019/12/15 v1.3 Expandable calculations with integers (HO)
)
\Hy@SavedSpaceFactor=\count301
(C:\Users\dipsco\AppData\Local\Programs\MiKTeX\tex/latex/hyperref\puenc.def
File: puenc.def 2024-07-10 v7.01j Hyperref: PDF Unicode definition (HO)
Now handling font encoding PU ...
... no UTF-8 mapping file for font encoding PU
)
Package hyperref Info: Hyper figures OFF on input line 4157.
Package hyperref Info: Link nesting OFF on input line 4162.
Package hyperref Info: Hyper index ON on input line 4165.
Package hyperref Info: Plain pages OFF on input line 4172.
Package hyperref Info: Backreferencing ON on input line 4175.
Package hyperref Info: Implicit mode ON; LaTeX internals redefined.
Package hyperref Info: Bookmarks ON on input line 4424.
(C:\Users\dipsco\AppData\Local\Programs\MiKTeX\tex/latex/hyperref\backref.sty
Package: backref 2023-11-26 v1.44 Bibliographical back referencing

(C:\Users\dipsco\AppData\Local\Programs\MiKTeX\tex/latex/rerunfilecheck\rerunfi
lecheck.sty
Package: rerunfilecheck 2022-07-10 v1.10 Rerun checks for auxiliary files (HO)

(C:\Users\dipsco\AppData\Local\Programs\MiKTeX\tex/latex/base\atveryend-ltx.sty
Package: atveryend-ltx 2020/08/19 v1.0a Emulation of the original atveryend pac
kage
with kernel methods
)
(C:\Users\dipsco\AppData\Local\Programs\MiKTeX\tex/generic/uniquecounter\unique
counter.sty
Package: uniquecounter 2019/12/15 v1.4 Provide unlimited unique counter (HO)

(C:\Users\dipsco\AppData\Local\Programs\MiKTeX\tex/generic/bigintcalc\bigintcal
c.sty
Package: bigintcalc 2019/12/15 v1.5 Expandable calculations on big integers (HO
)
))
Package uniquecounter Info: New unique counter `rerunfilecheck' on input line 2
85.
))
\c@Hy@tempcnt=\count302
LaTeX Info: Redefining \url on input line 4763.
\XeTeXLinkMargin=\dimen260
(C:\Users\dipsco\AppData\Local\Programs\MiKTeX\tex/generic/bitset\bitset.sty
Package: bitset 2019/12/09 v1.3 Handle bit-vector datatype (HO)
)
\Fld@menulength=\count303
\Field@Width=\dimen261
\Fld@charsize=\dimen262
Package hyperref Info: Hyper figures OFF on input line 6042.
Package hyperref Info: Link nesting OFF on input line 6047.
Package hyperref Info: Hyper index ON on input line 6050.
Package hyperref Info: backreferencing ON on input line 6055.
Package hyperref Info: Link coloring OFF on input line 6062.
Package hyperref Info: Link coloring with OCG OFF on input line 6067.
Package hyperref Info: PDF/A mode OFF on input line 6072.
(C:\Users\dipsco\AppData\Local\Programs\MiKTeX\tex/latex/base\atbegshi-ltx.sty
Package: atbegshi-ltx 2021/01/10 v1.0c Emulation of the original atbegshi
package with kernel methods
)
\Hy@abspage=\count304
\c@Item=\count305
\c@Hfootnote=\count306
)
Package hyperref Info: Driver (autodetected): hpdftex.
(C:\Users\dipsco\AppData\Local\Programs\MiKTeX\tex/latex/hyperref\hpdftex.def
File: hpdftex.def 2024-07-10 v7.01j Hyperref driver for pdfTeX
\Fld@listcount=\count307
\c@bookmark@seq@number=\count308
\Hy@SectionHShift=\skip61
)
Package hyperref Info: Option `colorlinks' set `true' on input line 68.
(C:\Users\dipsco\AppData\Local\Programs\MiKTeX\tex/latex/setspace\setspace.sty
Package: setspace 2022/12/04 v6.7b set line spacing
) (C:\Users\dipsco\AppData\Local\Programs\MiKTeX\tex/latex/titlesec\titlesec.st
y
Package: titlesec 2023/10/27 v2.16 Sectioning titles
\ttl@box=\box64
\beforetitleunit=\skip62
\aftertitleunit=\skip63
\ttl@plus=\dimen263
\ttl@minus=\dimen264
\ttl@toksa=\toks37
\titlewidth=\dimen265
\titlewidthlast=\dimen266
\titlewidthfirst=\dimen267
) (C:\Users\dipsco\AppData\Local\Programs\MiKTeX\tex/latex/titlesec\titletoc.st
y
Package: titletoc 2023/10/27 v2.16 TOC entries
\ttl@leftsep=\dimen268
) (C:\Users\dipsco\AppData\Local\Programs\MiKTeX\tex/latex/placeins\placeins.st
y
Package: placeins 2005/04/18  v 2.2
) (C:\Users\dipsco\AppData\Local\Programs\MiKTeX\tex/latex/natbib\natbib.sty
Package: natbib 2010/09/13 8.31b (PWD, AO)
\bibhang=\skip64
\bibsep=\skip65
LaTeX Info: Redefining \cite on input line 694.
\c@NAT@ctr=\count309
) (C:\Users\dipsco\AppData\Local\Programs\MiKTeX\tex/latex/fancyvrb\fancyvrb.st
y
Package: fancyvrb 2024/01/20 4.5c verbatim text (tvz,hv)
\FV@CodeLineNo=\count310
\FV@InFile=\read3
\FV@TabBox=\box65
\c@FancyVerbLine=\count311
\FV@StepNumber=\count312
\FV@OutFile=\write4
) (C:\Users\dipsco\AppData\Local\Programs\MiKTeX\tex/latex/base\alltt.sty
Package: alltt 2024/02/08 v2.0g defines alltt environment
) (C:\Users\dipsco\AppData\Local\Programs\MiKTeX\tex/latex/amsfonts\amsfonts.st
y
Package: amsfonts 2013/01/14 v3.01 Basic AMSFonts support
\@emptytoks=\toks38
\symAMSa=\mathgroup5
\symAMSb=\mathgroup6
LaTeX Font Info:    Redeclaring math symbol \hbar on input line 98.
LaTeX Font Info:    Overwriting math alphabet `\mathfrak' in version `bold'
(Font)                  U/euf/m/n --> U/euf/b/n on input line 106.
) (C:\Users\dipsco\AppData\Local\Programs\MiKTeX\tex/latex/caption\caption.sty
Package: caption 2023/08/05 v3.6o Customizing captions (AR)
(C:\Users\dipsco\AppData\Local\Programs\MiKTeX\tex/latex/caption\caption3.sty
Package: caption3 2023/07/31 v2.4d caption3 kernel (AR)
\caption@tempdima=\dimen269
\captionmargin=\dimen270
\caption@leftmargin=\dimen271
\caption@rightmargin=\dimen272
\caption@width=\dimen273
\caption@indent=\dimen274
\caption@parindent=\dimen275
\caption@hangindent=\dimen276
Package caption Info: Standard document class detected.
)
\c@caption@flags=\count313
\c@continuedfloat=\count314
Package caption Info: hyperref package is loaded.
) (C:\Users\dipsco\AppData\Local\Programs\MiKTeX\tex/latex/environ\environ.sty
Package: environ 2014/05/04 v0.3 A new way to define environments

(C:\Users\dipsco\AppData\Local\Programs\MiKTeX\tex/latex/trimspaces\trimspaces.
sty
Package: trimspaces 2009/09/17 v1.1 Trim spaces around a token list
)
\@envbody=\toks39
)) (C:\Users\dipsco\AppData\Local\Programs\MiKTeX\tex/latex/amsmath\amsmath.sty
Package: amsmath 2024/05/23 v2.17q AMS math features
\@mathmargin=\skip66
For additional information on amsmath, use the `?' option.
(C:\Users\dipsco\AppData\Local\Programs\MiKTeX\tex/latex/amsmath\amstext.sty
Package: amstext 2021/08/26 v2.01 AMS text
(C:\Users\dipsco\AppData\Local\Programs\MiKTeX\tex/latex/amsmath\amsgen.sty
File: amsgen.sty 1999/11/30 v2.0 generic functions
\@emptytoks=\toks40
\ex@=\dimen277
)) (C:\Users\dipsco\AppData\Local\Programs\MiKTeX\tex/latex/amsmath\amsbsy.sty
Package: amsbsy 1999/11/29 v1.2d Bold Symbols
\pmbraise@=\dimen278
) (C:\Users\dipsco\AppData\Local\Programs\MiKTeX\tex/latex/amsmath\amsopn.sty
Package: amsopn 2022/04/08 v2.04 operator names
LaTeX Info: Redefining \operatorname on input line 43.
)
\inf@bad=\count315
LaTeX Info: Redefining \frac on input line 233.
\uproot@=\count316
\leftroot@=\count317
LaTeX Info: Redefining \overline on input line 398.
LaTeX Info: Redefining \colon on input line 409.
\classnum@=\count318
\DOTSCASE@=\count319
LaTeX Info: Redefining \ldots on input line 495.
LaTeX Info: Redefining \dots on input line 498.
LaTeX Info: Redefining \cdots on input line 619.
\Mathstrutbox@=\box66
\strutbox@=\box67
LaTeX Info: Redefining \big on input line 721.
LaTeX Info: Redefining \Big on input line 722.
LaTeX Info: Redefining \bigg on input line 723.
LaTeX Info: Redefining \Bigg on input line 724.
\big@size=\dimen279
LaTeX Font Info:    Redeclaring font encoding OML on input line 742.
LaTeX Font Info:    Redeclaring font encoding OMS on input line 743.
\macc@depth=\count320
LaTeX Info: Redefining \bmod on input line 904.
LaTeX Info: Redefining \pmod on input line 909.
LaTeX Info: Redefining \smash on input line 939.
LaTeX Info: Redefining \relbar on input line 969.
LaTeX Info: Redefining \Relbar on input line 970.
\c@MaxMatrixCols=\count321
\dotsspace@=\muskip18
\c@parentequation=\count322
\dspbrk@lvl=\count323
\tag@help=\toks41
\row@=\count324
\column@=\count325
\maxfields@=\count326
\andhelp@=\toks42
\eqnshift@=\dimen280
\alignsep@=\dimen281
\tagshift@=\dimen282
\tagwidth@=\dimen283
\totwidth@=\dimen284
\lineht@=\dimen285
\@envbody=\toks43
\multlinegap=\skip67
\multlinetaggap=\skip68
\mathdisplay@stack=\toks44
LaTeX Info: Redefining \[ on input line 2953.
LaTeX Info: Redefining \] on input line 2954.
) (C:\Users\dipsco\AppData\Local\Programs\MiKTeX\tex/latex/amsfonts\amssymb.sty
Package: amssymb 2013/01/14 v3.01 AMS font symbols
) (C:\Users\dipsco\AppData\Local\Programs\MiKTeX\tex/latex/tools\array.sty
Package: array 2024/06/14 v2.6d Tabular extension package (FMi)
\col@sep=\dimen286
\ar@mcellbox=\box68
\extrarowheight=\dimen287
\NC@list=\toks45
\extratabsurround=\skip69
\backup@length=\skip70
\ar@cellbox=\box69
) (C:\Users\dipsco\AppData\Local\Programs\MiKTeX\tex/latex/booktabs\booktabs.st
y
Package: booktabs 2020/01/12 v1.61803398 Publication quality tables
\heavyrulewidth=\dimen288
\lightrulewidth=\dimen289
\cmidrulewidth=\dimen290
\belowrulesep=\dimen291
\belowbottomsep=\dimen292
\aboverulesep=\dimen293
\abovetopsep=\dimen294
\cmidrulesep=\dimen295
\cmidrulekern=\dimen296
\defaultaddspace=\dimen297
\@cmidla=\count327
\@cmidlb=\count328
\@aboverulesep=\dimen298
\@belowrulesep=\dimen299
\@thisruleclass=\count329
\@lastruleclass=\count330
\@thisrulewidth=\dimen300
) (C:\Users\dipsco\AppData\Local\Programs\MiKTeX\tex/latex/tools\longtable.sty
Package: longtable 2024-04-26 v4.20 Multi-page Table package (DPC)
\LTleft=\skip71
\LTright=\skip72
\LTpre=\skip73
\LTpost=\skip74
\LTchunksize=\count331
\LTcapwidth=\dimen301
\LT@head=\box70
\LT@firsthead=\box71
\LT@foot=\box72
\LT@lastfoot=\box73
\LT@gbox=\box74
\LT@cols=\count332
\LT@rows=\count333
\c@LT@tables=\count334
\c@LT@chunks=\count335
\LT@p@ftn=\toks46
)
\cslhangindent=\skip75
\csllabelwidth=\skip76
\cslentryspacingunit=\skip77
(C:\Users\dipsco\AppData\Local\Programs\MiKTeX\tex/latex/tools\calc.sty
Package: calc 2023/07/08 v4.3 Infix arithmetic (KKT,FJ)
\calc@Acount=\count336
\calc@Bcount=\count337
\calc@Adimen=\dimen302
\calc@Bdimen=\dimen303
\calc@Askip=\skip78
\calc@Bskip=\skip79
LaTeX Info: Redefining \setlength on input line 80.
LaTeX Info: Redefining \addtolength on input line 81.
\calc@Ccount=\count338
\calc@Cskip=\skip80
)
(C:\Users\dipsco\AppData\Local\Programs\MiKTeX\tex/latex/l3backend\l3backend-pd
ftex.def
File: l3backend-pdftex.def 2024-05-08 L3 backend support: PDF output (pdfTeX)
\l__color_backend_stack_int=\count339
\l__pdf_internal_box=\box75
)
No file RJwrapper.aux.
\openout1 = `RJwrapper.aux'.

LaTeX Font Info:    Checking defaults for OML/cmm/m/it on input line 48.
LaTeX Font Info:    ... okay on input line 48.
LaTeX Font Info:    Checking defaults for OMS/cmsy/m/n on input line 48.
LaTeX Font Info:    ... okay on input line 48.
LaTeX Font Info:    Checking defaults for OT1/cmr/m/n on input line 48.
LaTeX Font Info:    ... okay on input line 48.
LaTeX Font Info:    Checking defaults for T1/cmr/m/n on input line 48.
LaTeX Font Info:    ... okay on input line 48.
LaTeX Font Info:    Checking defaults for TS1/cmr/m/n on input line 48.
LaTeX Font Info:    ... okay on input line 48.
LaTeX Font Info:    Checking defaults for OMX/cmex/m/n on input line 48.
LaTeX Font Info:    ... okay on input line 48.
LaTeX Font Info:    Checking defaults for U/cmr/m/n on input line 48.
LaTeX Font Info:    ... okay on input line 48.
LaTeX Font Info:    Checking defaults for PD1/pdf/m/n on input line 48.
LaTeX Font Info:    ... okay on input line 48.
LaTeX Font Info:    Checking defaults for PU/pdf/m/n on input line 48.
LaTeX Font Info:    ... okay on input line 48.

(C:\Users\dipsco\AppData\Local\Programs\MiKTeX\tex/context/base/mkii\supp-pdf.m
kii
[Loading MPS to PDF converter (version 2006.09.02).]
\scratchcounter=\count340
\scratchdimen=\dimen304
\scratchbox=\box76
\nofMPsegments=\count341
\nofMParguments=\count342
\everyMPshowfont=\toks47
\MPscratchCnt=\count343
\MPscratchDim=\dimen305
\MPnumerator=\count344
\makeMPintoPDFobject=\count345
\everyMPtoPDFconversion=\toks48
)
(C:\Users\dipsco\AppData\Local\Programs\MiKTeX\tex/latex/epstopdf-pkg\epstopdf-
base.sty
Package: epstopdf-base 2020-01-24 v2.11 Base part for package epstopdf
Package epstopdf-base Info: Redefining graphics rule for `.eps' on input line 4
85.

(C:\Users\dipsco\AppData\Local\Programs\MiKTeX\tex/latex/00miktex\epstopdf-sys.
cfg
File: epstopdf-sys.cfg 2021/03/18 v2.0 Configuration of epstopdf for MiKTeX
))
*geometry* driver: auto-detecting
*geometry* detected driver: pdftex
*geometry* verbose mode - [ preamble ] result:
* driver: pdftex
* paper: a4paper
* layout: <same size as paper>
* layoutoffset:(h,v)=(0.0pt,0.0pt)
* hratio: 1:1
* vratio: 1:1
* modes: includehead includefoot 
* h-part:(L,W,R)=(99.58464pt, 398.33858pt, 99.58466pt)
* v-part:(T,H,B)=(28.45274pt, 788.14136pt, 28.45274pt)
* \paperwidth=597.50787pt
* \paperheight=845.04684pt
* \textwidth=398.33858pt
* \textheight=708.46223pt
* \oddsidemargin=27.31465pt
* \evensidemargin=27.31465pt
* \topmargin=-43.81725pt
* \headheight=12.0pt
* \headsep=25.0pt
* \topskip=10.0pt
* \footskip=42.67912pt
* \marginparwidth=57.0pt
* \marginparsep=11.0pt
* \columnsep=10.0pt
* \skip\footins=9.0pt plus 4.0pt minus 2.0pt
* \hoffset=0.0pt
* \voffset=0.0pt
* \mag=1000
* \@twocolumnfalse
* \@twosidefalse
* \@mparswitchfalse
* \@reversemarginfalse
* (1in=72.27pt=25.4mm, 1cm=28.453pt)

LaTeX Info: Redefining \microtypecontext on input line 48.
Package microtype Info: Applying patch `item' on input line 48.
Package microtype Info: Applying patch `toc' on input line 48.
Package microtype Info: Applying patch `eqnum' on input line 48.

Package microtype Warning: Unable to apply patch `footnote' on input line 48.

Package microtype Info: Applying patch `verbatim' on input line 48.
Package microtype Info: Generating PDF output.
Package microtype Info: Character protrusion enabled (level 2).
Package microtype Info: Using default protrusion set `alltext'.
Package microtype Info: Automatic font expansion enabled (level 2),
(microtype)             stretch: 20, shrink: 20, step: 1, non-selected.
Package microtype Info: Using default expansion set `alltext-nott'.
LaTeX Info: Redefining \showhyphens on input line 48.
Package microtype Info: No adjustment of tracking.
Package microtype Info: No adjustment of interword spacing.
Package microtype Info: No adjustment of character kerning.
(C:\Users\dipsco\AppData\Local\Programs\MiKTeX\tex/latex/microtype\mt-ppl.cfg
File: mt-ppl.cfg 2005/11/16 v1.6 microtype config. file: Palatino (RS)
) (C:\Users\dipsco\AppData\Local\Programs\MiKTeX\tex/latex/upquote\upquote.sty
Package: upquote 2012/04/19 v1.3 upright-quote and grave-accent glyphs in verba
tim
)
Package backref Info: ** backref set up for natbib ** on input line 48.
Package hyperref Info: Link coloring ON on input line 48.
\@outlinefile=\write5
\openout5 = `RJwrapper.out'.

Package caption Info: Begin \AtBeginDocument code.
Package caption Info: longtable package is loaded.
(C:\Users\dipsco\AppData\Local\Programs\MiKTeX\tex/latex/caption\ltcaption.sty
Package: ltcaption 2021/01/08 v1.4c longtable captions (AR)
)
Package caption Info: End \AtBeginDocument code.
(matRiks-paper.tex
LaTeX Font Info:    Trying to load font information for T1+zi4 on input line 28
.
(C:\Users\dipsco\AppData\Local\Programs\MiKTeX\tex/latex/inconsolata\t1zi4.fd
File: t1zi4.fd 2018/01/14 T1/zi4 (Inconsolata)
)
LaTeX Font Info:    Font shape `T1/zi4/m/n' will be
(Font)              scaled to size 9.18004pt on input line 28.
Package microtype Info: Loading generic protrusion settings for font family
(microtype)             `zi4' (encoding: T1).
(microtype)             For optimal results, create family-specific settings.
(microtype)             See the microtype manual for details.


[1{C:/Users/dipsco/AppData/Local/MiKTeX/fonts/map/pdftex/pdftex.map}{C:/Users/d
ipsco/AppData/Local/Programs/MiKTeX/fonts/enc/dvips/base/8r.enc}

{C:/Users/dipsco/AppData/Local/Programs/MiKTeX/fonts/enc/dvips/inconsolata/i4-t
1-0.enc}]

LaTeX Warning: Reference `fig:visuoRule' on page 2 undefined on input line 44.


LaTeX Warning: Reference `fig:logiRule' on page 2 undefined on input line 44.

<matRiks-paper_files/figure-latex/visuoRule-1.pdf, id=22, 469.755pt x 325.215pt
>
File: matRiks-paper_files/figure-latex/visuoRule-1.pdf Graphic file (type pdf)
<use matRiks-paper_files/figure-latex/visuoRule-1.pdf>
Package pdftex.def Info: matRiks-paper_files/figure-latex/visuoRule-1.pdf  used
 on input line 48.
(pdftex.def)             Requested size: 278.83578pt x 193.04134pt.
<matRiks-paper_files/figure-latex/logiRule-1.pdf, id=23, 469.755pt x 325.215pt>

File: matRiks-paper_files/figure-latex/logiRule-1.pdf Graphic file (type pdf)
<use matRiks-paper_files/figure-latex/logiRule-1.pdf>
Package pdftex.def Info: matRiks-paper_files/figure-latex/logiRule-1.pdf  used 
on input line 57.
(pdftex.def)             Requested size: 278.83578pt x 193.04134pt.

LaTeX Warning: Reference `fig:visuoRule' on page 2 undefined on input line 64.


LaTeX Warning: Reference `fig:logiRule' on page 2 undefined on input line 66.


LaTeX Warning: Reference `tab:tab-error-types-static' on page 2 undefined on in
put line 80.



[2 <./matRiks-paper_files/figure-latex/visuoRule-1.pdf>]
LaTeX Font Info:    Trying to load font information for OT1+ppl on input line 8
6.
(C:\Users\dipsco\AppData\Local\Programs\MiKTeX\tex/latex/psnfss\ot1ppl.fd
File: ot1ppl.fd 2001/06/04 font definitions for OT1/ppl.
)
LaTeX Font Info:    Trying to load font information for OML+zplm on input line 
86.
(C:\Users\dipsco\AppData\Local\Programs\MiKTeX\tex/latex/psnfss\omlzplm.fd
File: omlzplm.fd 2002/09/08 Fontinst v1.914 font definitions for OML/zplm.
)
LaTeX Font Info:    Trying to load font information for OMS+zplm on input line 
86.
(C:\Users\dipsco\AppData\Local\Programs\MiKTeX\tex/latex/psnfss\omszplm.fd
File: omszplm.fd 2002/09/08 Fontinst v1.914 font definitions for OMS/zplm.
)
LaTeX Font Info:    Trying to load font information for OMX+zplm on input line 
86.
(C:\Users\dipsco\AppData\Local\Programs\MiKTeX\tex/latex/psnfss\omxzplm.fd
File: omxzplm.fd 2002/09/08 Fontinst v1.914 font definitions for OMX/zplm.
)
LaTeX Font Info:    Trying to load font information for OT1+zplm on input line 
86.
(C:\Users\dipsco\AppData\Local\Programs\MiKTeX\tex/latex/psnfss\ot1zplm.fd
File: ot1zplm.fd 2002/09/08 Fontinst v1.914 font definitions for OT1/zplm.
)
Package microtype Info: Loading generic protrusion settings for font family
(microtype)             `zplm' (encoding: OT1).
(microtype)             For optimal results, create family-specific settings.
(microtype)             See the microtype manual for details.
LaTeX Font Info:    Font shape `U/msa/m/n' will be
(Font)              scaled to size 10.42007pt on input line 86.
(C:\Users\dipsco\AppData\Local\Programs\MiKTeX\tex/latex/microtype\mt-msa.cfg
File: mt-msa.cfg 2006/02/04 v1.1 microtype config. file: AMS symbols (a) (RS)
)
LaTeX Font Info:    Font shape `U/msa/m/n' will be
(Font)              scaled to size 7.91925pt on input line 86.
LaTeX Font Info:    Font shape `U/msa/m/n' will be
(Font)              scaled to size 6.25204pt on input line 86.
LaTeX Font Info:    Font shape `U/msb/m/n' will be
(Font)              scaled to size 10.42007pt on input line 86.
(C:\Users\dipsco\AppData\Local\Programs\MiKTeX\tex/latex/microtype\mt-msb.cfg
File: mt-msb.cfg 2005/06/01 v1.0 microtype config. file: AMS symbols (b) (RS)
)
LaTeX Font Info:    Font shape `U/msb/m/n' will be
(Font)              scaled to size 7.91925pt on input line 86.
LaTeX Font Info:    Font shape `U/msb/m/n' will be
(Font)              scaled to size 6.25204pt on input line 86.

Overfull \hbox (1006.21533pt too wide) in paragraph at lines 86--125
 [][] 
 []

LaTeX Font Info:    Font shape `U/msa/m/n' will be
(Font)              scaled to size 9.37807pt on input line 135.
LaTeX Font Info:    Font shape `U/msa/m/n' will be
(Font)              scaled to size 7.29405pt on input line 135.
LaTeX Font Info:    Font shape `U/msa/m/n' will be
(Font)              scaled to size 5.21004pt on input line 135.
LaTeX Font Info:    Font shape `U/msb/m/n' will be
(Font)              scaled to size 9.37807pt on input line 135.
LaTeX Font Info:    Font shape `U/msb/m/n' will be
(Font)              scaled to size 7.29405pt on input line 135.
LaTeX Font Info:    Font shape `U/msb/m/n' will be
(Font)              scaled to size 5.21004pt on input line 135.


[3 <./matRiks-paper_files/figure-latex/logiRule-1.pdf>]
LaTeX Font Info:    Trying to load font information for TS1+ppl on input line 1
59.
(C:\Users\dipsco\AppData\Local\Programs\MiKTeX\tex/latex/psnfss\ts1ppl.fd
File: ts1ppl.fd 2001/06/04 font definitions for TS1/ppl.
)

[4]
<matRiks-paper_files/figure-latex/square-1.pdf, id=50, 469.755pt x 325.215pt>
File: matRiks-paper_files/figure-latex/square-1.pdf Graphic file (type pdf)
<use matRiks-paper_files/figure-latex/square-1.pdf>
Package pdftex.def Info: matRiks-paper_files/figure-latex/square-1.pdf  used on
 input line 198.
(pdftex.def)             Requested size: 469.75386pt x 325.2142pt.

Overfull \hbox (71.41528pt too wide) in paragraph at lines 198--199
 [][] 
 []

<black-figures.png, id=51, 339.06676pt x 225.84375pt>
File: black-figures.png Graphic file (type png)
<use black-figures.png>
Package pdftex.def Info: black-figures.png  used on input line 212.
(pdftex.def)             Requested size: 72.26672pt x 72.27147pt.
<flowers.png, id=52, 258.9675pt x 150.5625pt>
File: flowers.png Graphic file (type png)
<use flowers.png>
Package pdftex.def Info: flowers.png  used on input line 212.
(pdftex.def)             Requested size: 72.26935pt x 72.27147pt.
<other-figures.png, id=53, 339.06676pt x 225.84375pt>
File: other-figures.png Graphic file (type png)
<use other-figures.png>
Package pdftex.def Info: other-figures.png  used on input line 212.
(pdftex.def)             Requested size: 72.26672pt x 72.27147pt.
<circle-sections.png, id=54, 339.06676pt x 225.84375pt>
File: circle-sections.png Graphic file (type png)
<use circle-sections.png>
Package pdftex.def Info: circle-sections.png  used on input line 213.
(pdftex.def)             Requested size: 72.26672pt x 72.27147pt.
<eight-shapes-figures.png, id=55, 258.9675pt x 150.5625pt>
File: eight-shapes-figures.png Graphic file (type png)
<use eight-shapes-figures.png>
Package pdftex.def Info: eight-shapes-figures.png  used on input line 213.
(pdftex.def)             Requested size: 72.26935pt x 72.27147pt.
File: other-figures.png Graphic file (type png)
<use other-figures.png>
Package pdftex.def Info: other-figures.png  used on input line 213.
(pdftex.def)             Requested size: 72.26672pt x 72.27147pt.
<closed-figures.png, id=56, 258.9675pt x 150.5625pt>
File: closed-figures.png Graphic file (type png)
<use closed-figures.png>
Package pdftex.def Info: closed-figures.png  used on input line 214.
(pdftex.def)             Requested size: 72.26935pt x 72.27147pt.
<lines.png, id=57, 258.9675pt x 150.5625pt>
File: lines.png Graphic file (type png)
<use lines.png>
Package pdftex.def Info: lines.png  used on input line 214.
(pdftex.def)             Requested size: 72.26935pt x 72.27147pt.
File: other-figures.png Graphic file (type png)
<use other-figures.png>
Package pdftex.def Info: other-figures.png  used on input line 214.
(pdftex.def)             Requested size: 72.26672pt x 72.27147pt.

Overfull \hbox (125.94412pt too wide) in paragraph at lines 208--217
 [][] 
 []

<matRiks-paper_files/figure-latex/unnamed-chunk-2-1.pdf, id=58, 469.755pt x 325
.215pt>
File: matRiks-paper_files/figure-latex/unnamed-chunk-2-1.pdf Graphic file (type
 pdf)
<use matRiks-paper_files/figure-latex/unnamed-chunk-2-1.pdf>
Package pdftex.def Info: matRiks-paper_files/figure-latex/unnamed-chunk-2-1.pdf
  used on input line 220.
(pdftex.def)             Requested size: 199.16928pt x 137.88454pt.

Underfull \hbox (badness 3769) in paragraph at lines 220--220
[]\T1/ppl/b/n/9 (+20) Figure 4: |\T1/ppl/m/n/9 (+20) [Black figures](https://cr
an.r-project.org/web/packages/matRiks/vignettes/black-
 []

<matRiks-paper_files/figure-latex/unnamed-chunk-3-1.pdf, id=59, 469.755pt x 325
.215pt>
File: matRiks-paper_files/figure-latex/unnamed-chunk-3-1.pdf Graphic file (type
 pdf)
<use matRiks-paper_files/figure-latex/unnamed-chunk-3-1.pdf>
Package pdftex.def Info: matRiks-paper_files/figure-latex/unnamed-chunk-3-1.pdf
  used on input line 224.
(pdftex.def)             Requested size: 199.16928pt x 137.88454pt.

Underfull \hbox (badness 1152) in paragraph at lines 224--224
[]\T1/ppl/b/n/9 (+20) Figure 5: |\T1/ppl/m/n/9 (+20) [Cir-cle sections](https:/
/cran.r-project.org/web/packages/matRiks/vignettes/circle-
 []

<matRiks-paper_files/figure-latex/unnamed-chunk-4-1.pdf, id=60, 469.755pt x 325
.215pt>
File: matRiks-paper_files/figure-latex/unnamed-chunk-4-1.pdf Graphic file (type
 pdf)
<use matRiks-paper_files/figure-latex/unnamed-chunk-4-1.pdf>
Package pdftex.def Info: matRiks-paper_files/figure-latex/unnamed-chunk-4-1.pdf
  used on input line 228.
(pdftex.def)             Requested size: 199.16928pt x 137.88454pt.

Underfull \hbox (badness 3058) in paragraph at lines 228--228
[]\T1/ppl/b/n/9 (+20) Figure 6: |\T1/ppl/m/n/9 (+20) [Other figures](https://cr
an.r-project.org/web/packages/matRiks/vignettes/other-
 []

<matRiks-paper_files/figure-latex/unnamed-chunk-5-1.pdf, id=61, 469.755pt x 325
.215pt>
File: matRiks-paper_files/figure-latex/unnamed-chunk-5-1.pdf Graphic file (type
 pdf)
<use matRiks-paper_files/figure-latex/unnamed-chunk-5-1.pdf>
Package pdftex.def Info: matRiks-paper_files/figure-latex/unnamed-chunk-5-1.pdf
  used on input line 232.
(pdftex.def)             Requested size: 199.16928pt x 137.88454pt.
<matRiks-paper_files/figure-latex/unnamed-chunk-6-1.pdf, id=62, 469.755pt x 325
.215pt>
File: matRiks-paper_files/figure-latex/unnamed-chunk-6-1.pdf Graphic file (type
 pdf)
<use matRiks-paper_files/figure-latex/unnamed-chunk-6-1.pdf>
Package pdftex.def Info: matRiks-paper_files/figure-latex/unnamed-chunk-6-1.pdf
  used on input line 236.
(pdftex.def)             Requested size: 199.16928pt x 137.88454pt.
<matRiks-paper_files/figure-latex/unnamed-chunk-7-1.pdf, id=63, 469.755pt x 325
.215pt>
File: matRiks-paper_files/figure-latex/unnamed-chunk-7-1.pdf Graphic file (type
 pdf)
<use matRiks-paper_files/figure-latex/unnamed-chunk-7-1.pdf>
Package pdftex.def Info: matRiks-paper_files/figure-latex/unnamed-chunk-7-1.pdf
  used on input line 240.
(pdftex.def)             Requested size: 199.16928pt x 137.88454pt.
<matRiks-paper_files/figure-latex/unnamed-chunk-8-1.pdf, id=64, 469.755pt x 325
.215pt>
File: matRiks-paper_files/figure-latex/unnamed-chunk-8-1.pdf Graphic file (type
 pdf)
<use matRiks-paper_files/figure-latex/unnamed-chunk-8-1.pdf>
Package pdftex.def Info: matRiks-paper_files/figure-latex/unnamed-chunk-8-1.pdf
  used on input line 244.
(pdftex.def)             Requested size: 199.16928pt x 137.88454pt.

LaTeX Warning: Reference `fig:eye' on page 5 undefined on input line 251.


Overfull \hbox (13.1825pt too wide) in paragraph at lines 256--256
[]\T1/zi4/m/n/9 eye <- cof(circle(), dot()) # create the new figure eye by conc
atenating the circle and the dot[] 
 []

<matRiks-paper_files/figure-latex/eye-1.pdf, id=65, 469.755pt x 325.215pt>
File: matRiks-paper_files/figure-latex/eye-1.pdf Graphic file (type pdf)
<use matRiks-paper_files/figure-latex/eye-1.pdf>
Package pdftex.def Info: matRiks-paper_files/figure-latex/eye-1.pdf  used on in
put line 260.
(pdftex.def)             Requested size: 469.75386pt x 325.2142pt.

Overfull \hbox (71.41528pt too wide) in paragraph at lines 260--261
 [][] 
 []


LaTeX Warning: Reference `fig:eye' on page 5 undefined on input line 279.



[5 <./matRiks-paper_files/figure-latex/square-1.pdf>]

[6 <./black-figures.png> <./flowers.png> <./other-figures.png> <./circle-sectio
ns.png> <./eight-shapes-figures.png> <./closed-figures.png> <./lines.png> <./ma
tRiks-paper_files/figure-latex/unnamed-chunk-2-1.pdf> <./matRiks-paper_files/fi
gure-latex/unnamed-chunk-3-1.pdf>]

[7 <./matRiks-paper_files/figure-latex/unnamed-chunk-4-1.pdf> <./matRiks-paper_
files/figure-latex/unnamed-chunk-5-1.pdf> <./matRiks-paper_files/figure-latex/u
nnamed-chunk-6-1.pdf> <./matRiks-paper_files/figure-latex/unnamed-chunk-7-1.pdf
>]

[8 <./matRiks-paper_files/figure-latex/unnamed-chunk-8-1.pdf> <./matRiks-paper_
files/figure-latex/eye-1.pdf>]

LaTeX Warning: Reference `tab:fourCell-static' on page 9 undefined on input lin
e 296.


LaTeX Warning: Reference `tab:nineCell-static' on page 9 undefined on input lin
e 311.


LaTeX Warning: Reference `fig:incremental' on page 9 undefined on input line 35
2.



[9]
<matRiks-paper_files/figure-latex/incremental-1.pdf, id=135, 469.755pt x 325.21
5pt>
File: matRiks-paper_files/figure-latex/incremental-1.pdf Graphic file (type pdf
)
<use matRiks-paper_files/figure-latex/incremental-1.pdf>
Package pdftex.def Info: matRiks-paper_files/figure-latex/incremental-1.pdf  us
ed on input line 356.
(pdftex.def)             Requested size: 469.75386pt x 325.2142pt.

Overfull \hbox (71.41528pt too wide) in paragraph at lines 356--357
 [][] 
 []


LaTeX Warning: Reference `fig:permutational' on page 10 undefined on input line
 365.

<matRiks-paper_files/figure-latex/permutational-1.pdf, id=136, 469.755pt x 325.
215pt>
File: matRiks-paper_files/figure-latex/permutational-1.pdf Graphic file (type p
df)
<use matRiks-paper_files/figure-latex/permutational-1.pdf>
Package pdftex.def Info: matRiks-paper_files/figure-latex/permutational-1.pdf  
used on input line 369.
(pdftex.def)             Requested size: 469.75386pt x 325.2142pt.

Overfull \hbox (71.41528pt too wide) in paragraph at lines 369--370
 [][] 
 []


LaTeX Warning: Reference `(' on page 10 undefined on input line 380.


LaTeX Warning: Reference `fig:IncrementalInv' on page 10 undefined on input lin
e 380.

<matRiks-paper_files/figure-latex/IncrementalInv-1.pdf, id=137, 469.755pt x 325
.215pt>
File: matRiks-paper_files/figure-latex/IncrementalInv-1.pdf Graphic file (type 
pdf)
<use matRiks-paper_files/figure-latex/IncrementalInv-1.pdf>
Package pdftex.def Info: matRiks-paper_files/figure-latex/IncrementalInv-1.pdf 
 used on input line 384.
(pdftex.def)             Requested size: 278.83578pt x 193.04134pt.

LaTeX Warning: Reference `fig:permutational' on page 10 undefined on input line
 391.


LaTeX Warning: Reference `fig:PermutationalInv' on page 10 undefined on input l
ine 391.

<matRiks-paper_files/figure-latex/PermutationalInv-1.pdf, id=138, 469.755pt x 3
25.215pt>
File: matRiks-paper_files/figure-latex/PermutationalInv-1.pdf Graphic file (typ
e pdf)
<use matRiks-paper_files/figure-latex/PermutationalInv-1.pdf>
Package pdftex.def Info: matRiks-paper_files/figure-latex/PermutationalInv-1.pd
f  used on input line 395.
(pdftex.def)             Requested size: 278.83578pt x 193.04134pt.


[10 <./matRiks-paper_files/figure-latex/incremental-1.pdf>]

[11 <./matRiks-paper_files/figure-latex/permutational-1.pdf> <./matRiks-paper_f
iles/figure-latex/IncrementalInv-1.pdf>]
<matRiks-paper_files/figure-latex/examplestep1-1.pdf, id=159, 469.755pt x 325.2
15pt>
File: matRiks-paper_files/figure-latex/examplestep1-1.pdf Graphic file (type pd
f)
<use matRiks-paper_files/figure-latex/examplestep1-1.pdf>
Package pdftex.def Info: matRiks-paper_files/figure-latex/examplestep1-1.pdf  u
sed on input line 417.
(pdftex.def)             Requested size: 469.75386pt x 325.2142pt.

Overfull \hbox (71.41528pt too wide) in paragraph at lines 417--418
 [][] 
 []


Underfull \hbox (badness 10000) in paragraph at lines 425--427

 []



[12 <./matRiks-paper_files/figure-latex/PermutationalInv-1.pdf>]

LaTeX Warning: Reference `fig:single-matrix' on page 13 undefined on input line
 443.


LaTeX Warning: Reference `fig:multi-matrix' on page 13 undefined on input line 
443.

<matRiks-paper_files/figure-latex/single-matrix-1.pdf, id=169, 469.755pt x 325.
215pt>
File: matRiks-paper_files/figure-latex/single-matrix-1.pdf Graphic file (type p
df)
<use matRiks-paper_files/figure-latex/single-matrix-1.pdf>
Package pdftex.def Info: matRiks-paper_files/figure-latex/single-matrix-1.pdf  
used on input line 447.
(pdftex.def)             Requested size: 469.75386pt x 325.2142pt.

Overfull \hbox (71.41528pt too wide) in paragraph at lines 447--448
 [][] 
 []

<matRiks-paper_files/figure-latex/multi-matrix-1.pdf, id=170, 469.755pt x 325.2
15pt>
File: matRiks-paper_files/figure-latex/multi-matrix-1.pdf Graphic file (type pd
f)
<use matRiks-paper_files/figure-latex/multi-matrix-1.pdf>
Package pdftex.def Info: matRiks-paper_files/figure-latex/multi-matrix-1.pdf  u
sed on input line 451.
(pdftex.def)             Requested size: 469.75386pt x 325.2142pt.

LaTeX Warning: Reference `fig:single-matrix' on page 13 undefined on input line
 452.


LaTeX Warning: Reference `fig:multi-matrix' on page 13 undefined on input line 
452.


Overfull \hbox (86.41528pt too wide) in paragraph at lines 451--453
[][]
 []



[13 <./matRiks-paper_files/figure-latex/examplestep1-1.pdf>]

[14 <./matRiks-paper_files/figure-latex/single-matrix-1.pdf>]

LaTeX Warning: Reference `fig:multi-matrix' on page 15 undefined on input line 
456.


LaTeX Warning: Reference `fig:multi-a' on page 15 undefined on input line 458.

<matRiks-paper_files/figure-latex/multi-a-1.pdf, id=188, 469.755pt x 325.215pt>

File: matRiks-paper_files/figure-latex/multi-a-1.pdf Graphic file (type pdf)
<use matRiks-paper_files/figure-latex/multi-a-1.pdf>
Package pdftex.def Info: matRiks-paper_files/figure-latex/multi-a-1.pdf  used o
n input line 462.
(pdftex.def)             Requested size: 469.75386pt x 325.2142pt.

Overfull \hbox (71.41528pt too wide) in paragraph at lines 462--463
 [][] 
 []


LaTeX Warning: Reference `fig:multi-b' on page 15 undefined on input line 466.

<matRiks-paper_files/figure-latex/multi-b-1.pdf, id=189, 469.755pt x 325.215pt>

File: matRiks-paper_files/figure-latex/multi-b-1.pdf Graphic file (type pdf)
<use matRiks-paper_files/figure-latex/multi-b-1.pdf>
Package pdftex.def Info: matRiks-paper_files/figure-latex/multi-b-1.pdf  used o
n input line 470.
(pdftex.def)             Requested size: 469.75386pt x 325.2142pt.

Overfull \hbox (71.41528pt too wide) in paragraph at lines 470--471
 [][] 
 []


LaTeX Warning: Reference `fig:multi-c' on page 15 undefined on input line 474.

<matRiks-paper_files/figure-latex/multi-c-1.pdf, id=190, 469.755pt x 325.215pt>

File: matRiks-paper_files/figure-latex/multi-c-1.pdf Graphic file (type pdf)
<use matRiks-paper_files/figure-latex/multi-c-1.pdf>
Package pdftex.def Info: matRiks-paper_files/figure-latex/multi-c-1.pdf  used o
n input line 478.
(pdftex.def)             Requested size: 469.75386pt x 325.2142pt.

Overfull \hbox (71.41528pt too wide) in paragraph at lines 478--479
 [][] 
 []


LaTeX Warning: Reference `(' on page 15 undefined on input line 482.


LaTeX Warning: Reference `fig:multi-a' on page 15 undefined on input line 482.


LaTeX Warning: Reference `fig:multi-b' on page 15 undefined on input line 482.


LaTeX Warning: Reference `fig:multi-c' on page 15 undefined on input line 482.



[15 <./matRiks-paper_files/figure-latex/multi-matrix-1.pdf>]

[16 <./matRiks-paper_files/figure-latex/multi-a-1.pdf> <./matRiks-paper_files/f
igure-latex/multi-b-1.pdf>]

LaTeX Warning: Reference `tab:dist-types-tab-static' on page 17 undefined on in
put line 497.


Overfull \hbox (542.29024pt too wide) in paragraph at lines 503--546
 [][] 
 []


LaTeX Warning: Reference `fig:single-matrix' on page 17 undefined on input line
 556.



[17 <./matRiks-paper_files/figure-latex/multi-c-1.pdf>]
<matRiks-paper_files/figure-latex/unnamed-chunk-15-1.pdf, id=219, 469.755pt x 3
25.215pt>
File: matRiks-paper_files/figure-latex/unnamed-chunk-15-1.pdf Graphic file (typ
e pdf)
<use matRiks-paper_files/figure-latex/unnamed-chunk-15-1.pdf>
Package pdftex.def Info: matRiks-paper_files/figure-latex/unnamed-chunk-15-1.pd
f  used on input line 576.
(pdftex.def)             Requested size: 469.75386pt x 325.2142pt.

LaTeX Warning: Reference `tab:dist-types-tab-static' on page 18 undefined on in
put line 577.


Overfull \hbox (86.41528pt too wide) in paragraph at lines 576--578
[][]
 []



[18 <./matRiks-paper_files/figure-latex/unnamed-chunk-15-1.pdf>]

LaTeX Warning: Reference `fig:multi-matrix' on page 19 undefined on input line 
579.

<matRiks-paper_files/figure-latex/unnamed-chunk-16-1.pdf, id=230, 469.755pt x 3
25.215pt>
File: matRiks-paper_files/figure-latex/unnamed-chunk-16-1.pdf Graphic file (typ
e pdf)
<use matRiks-paper_files/figure-latex/unnamed-chunk-16-1.pdf>
Package pdftex.def Info: matRiks-paper_files/figure-latex/unnamed-chunk-16-1.pd
f  used on input line 581.
(pdftex.def)             Requested size: 469.75386pt x 325.2142pt.

Overfull \hbox (86.41528pt too wide) in paragraph at lines 581--582
[][] 
 []

<matRiks-paper_files/figure-latex/unnamed-chunk-17-1.pdf, id=231, 469.755pt x 3
25.215pt>
File: matRiks-paper_files/figure-latex/unnamed-chunk-17-1.pdf Graphic file (typ
e pdf)
<use matRiks-paper_files/figure-latex/unnamed-chunk-17-1.pdf>
Package pdftex.def Info: matRiks-paper_files/figure-latex/unnamed-chunk-17-1.pd
f  used on input line 590.
(pdftex.def)             Requested size: 469.75386pt x 325.2142pt.

Overfull \hbox (86.41528pt too wide) in paragraph at lines 590--592
[][]
 []



[19 <./matRiks-paper_files/figure-latex/unnamed-chunk-16-1.pdf>]
<matRiks-paper_files/figure-latex/unnamed-chunk-18-1.pdf, id=242, 469.755pt x 3
25.215pt>
File: matRiks-paper_files/figure-latex/unnamed-chunk-18-1.pdf Graphic file (typ
e pdf)
<use matRiks-paper_files/figure-latex/unnamed-chunk-18-1.pdf>
Package pdftex.def Info: matRiks-paper_files/figure-latex/unnamed-chunk-18-1.pd
f  used on input line 597.
(pdftex.def)             Requested size: 469.75386pt x 325.2142pt.

Overfull \hbox (86.41528pt too wide) in paragraph at lines 597--598
[][] 
 []



[20 <./matRiks-paper_files/figure-latex/unnamed-chunk-17-1.pdf>]
<matRiks-paper_files/figure-latex/unnamed-chunk-19-1.pdf, id=252, 469.755pt x 3
25.215pt>
File: matRiks-paper_files/figure-latex/unnamed-chunk-19-1.pdf Graphic file (typ
e pdf)
<use matRiks-paper_files/figure-latex/unnamed-chunk-19-1.pdf>
Package pdftex.def Info: matRiks-paper_files/figure-latex/unnamed-chunk-19-1.pd
f  used on input line 601.
(pdftex.def)             Requested size: 469.75386pt x 325.2142pt.

Overfull \hbox (86.41528pt too wide) in paragraph at lines 601--602
[][] 
 []

<matRiks-paper_files/figure-latex/unnamed-chunk-20-1.pdf, id=253, 469.755pt x 3
25.215pt>
File: matRiks-paper_files/figure-latex/unnamed-chunk-20-1.pdf Graphic file (typ
e pdf)
<use matRiks-paper_files/figure-latex/unnamed-chunk-20-1.pdf>
Package pdftex.def Info: matRiks-paper_files/figure-latex/unnamed-chunk-20-1.pd
f  used on input line 605.
(pdftex.def)             Requested size: 469.75386pt x 325.2142pt.

Overfull \hbox (86.41528pt too wide) in paragraph at lines 605--606
[][] 
 []



[21 <./matRiks-paper_files/figure-latex/unnamed-chunk-18-1.pdf> <./matRiks-pape
r_files/figure-latex/unnamed-chunk-19-1.pdf>]
Overfull \hbox (16.49532pt too wide) in paragraph at lines 607--608
[]\T1/ppl/m/n/9 (-20) The re-sponse op-tions as-so-ci-ated with the multi-layer
 ma-trix can be gen-er-ated with the \T1/zi4/m/n/9 response_list()
 []

<matRiks-paper_files/figure-latex/unnamed-chunk-21-1.pdf, id=264, 469.755pt x 3
25.215pt>
File: matRiks-paper_files/figure-latex/unnamed-chunk-21-1.pdf Graphic file (typ
e pdf)
<use matRiks-paper_files/figure-latex/unnamed-chunk-21-1.pdf>
Package pdftex.def Info: matRiks-paper_files/figure-latex/unnamed-chunk-21-1.pd
f  used on input line 609.
(pdftex.def)             Requested size: 469.75386pt x 325.2142pt.

Overfull \hbox (86.41528pt too wide) in paragraph at lines 609--610
[][] 
 []



[22 <./matRiks-paper_files/figure-latex/unnamed-chunk-20-1.pdf> <./matRiks-pape
r_files/figure-latex/unnamed-chunk-21-1.pdf>]
<matRiks-paper_files/figure-latex/unnamed-chunk-22-1.pdf, id=277, 469.755pt x 3
25.215pt>
File: matRiks-paper_files/figure-latex/unnamed-chunk-22-1.pdf Graphic file (typ
e pdf)
<use matRiks-paper_files/figure-latex/unnamed-chunk-22-1.pdf>
Package pdftex.def Info: matRiks-paper_files/figure-latex/unnamed-chunk-22-1.pd
f  used on input line 614.
(pdftex.def)             Requested size: 469.75386pt x 325.2142pt.

Overfull \hbox (86.41528pt too wide) in paragraph at lines 614--615
[][] 
 []

<matRiks-paper_files/figure-latex/unnamed-chunk-23-1.pdf, id=278, 469.755pt x 3
25.215pt>
File: matRiks-paper_files/figure-latex/unnamed-chunk-23-1.pdf Graphic file (typ
e pdf)
<use matRiks-paper_files/figure-latex/unnamed-chunk-23-1.pdf>
Package pdftex.def Info: matRiks-paper_files/figure-latex/unnamed-chunk-23-1.pd
f  used on input line 618.
(pdftex.def)             Requested size: 469.75386pt x 325.2142pt.

Overfull \hbox (86.41528pt too wide) in paragraph at lines 618--619
[][] 
 []



[23 <./matRiks-paper_files/figure-latex/unnamed-chunk-22-1.pdf>]

[24 <./matRiks-paper_files/figure-latex/unnamed-chunk-23-1.pdf>]

LaTeX Warning: Reference `fig:penguins-alison' on page 25 undefined on input li
ne 642.

<figures/penguins.png, id=298, 72.27pt x 42.9605pt>
File: figures/penguins.png Graphic file (type png)
<use figures/penguins.png>
Package pdftex.def Info: figures/penguins.png  used on input line 645.
(pdftex.def)             Requested size: 398.44772pt x 212.57635pt.

LaTeX Warning: Reference `tab:penguins-tab-static' on page 25 undefined on inpu
t line 648.


LaTeX Warning: Reference `fig:penguins-ggplot' on page 25 undefined on input li
ne 674.

<matRiks-paper_files/figure-latex/penguins-ggplot-1.pdf, id=301, 469.755pt x 36
1.35pt>
File: matRiks-paper_files/figure-latex/penguins-ggplot-1.pdf Graphic file (type
 pdf)
<use matRiks-paper_files/figure-latex/penguins-ggplot-1.pdf>
Package pdftex.def Info: matRiks-paper_files/figure-latex/penguins-ggplot-1.pdf
  used on input line 685.
(pdftex.def)             Requested size: 469.75386pt x 361.34912pt.

Overfull \hbox (71.41528pt too wide) in paragraph at lines 685--686
 [][] 
 []


! LaTeX Error: Lonely \item--perhaps a missing list environment.

See the LaTeX manual or LaTeX Companion for explanation.
Type  H <return>  for immediate help.
 ...                                              
                                                  
l.700 
       
Here is how much of TeX's memory you used:
 27459 strings out of 473899
 510571 string characters out of 5726028
 903132 words of memory out of 5000000
 49523 multiletter control sequences out of 15000+600000
 603285 words of font info for 274 fonts, out of 8000000 for 9000
 1141 hyphenation exceptions out of 8191
 117i,12n,131p,1091b,914s stack positions out of 10000i,1000n,20000p,200000b,200000s

!  ==> Fatal error occurred, no output PDF file produced!
